2024-11-09 19:58:49,217 INFO: 
                ____                _       _____  ____
               / __ ) ____ _ _____ (_)_____/ ___/ / __ \
              / __  |/ __ `// ___// // ___/\__ \ / /_/ /
             / /_/ // /_/ /(__  )/ // /__ ___/ // _, _/
            /_____/ \__,_//____//_/ \___//____//_/ |_|
     ______                   __   __                 __      __
    / ____/____   ____   ____/ /  / /   __  __ _____ / /__   / /
   / / __ / __ \ / __ \ / __  /  / /   / / / // ___// //_/  / /
  / /_/ // /_/ // /_/ // /_/ /  / /___/ /_/ // /__ / /<    /_/
  \____/ \____/ \____/ \____/  /_____/\____/ \___//_/|_|  (_)
    
Version Information: 
	BasicSR: 1.0.0+ebe69c2
	PyTorch: 2.5.1+cu124
	TorchVision: 0.20.1+cu124
2024-11-09 19:58:49,218 INFO: 
  name: CascadedGaze-SIDD-with60
  model_type: ImageRestorationModel
  scale: 1
  num_gpu: 8
  manual_seed: 10
  datasets:[
    train:[
      name: SIDD
      type: PairedImageDataset
      dataroot_gt: ./datasets/SIDD/train/gt_crops.lmdb
      dataroot_lq: ./datasets/SIDD/train/input_crops.lmdb
      filename_tmpl: {}
      io_backend:[
        type: lmdb
      ]
      gt_size: 128
      use_flip: False
      use_rot: False
      use_shuffle: True
      num_worker_per_gpu: 4
      batch_size_per_gpu: 4
      dataset_enlarge_ratio: 1
      prefetch_mode: None
      finetune_augment: True
      finetune_start_iteration: 280000
      finetune_start_iteration_lr: 2e-05
      phase: train
      scale: 1
    ]
    val:[
      name: SIDD_val
      type: PairedImageDataset
      dataroot_gt: ./datasets/SIDD/val/gt_crops.lmdb
      dataroot_lq: ./datasets/SIDD/val/input_crops.lmdb
      io_backend:[
        type: lmdb
      ]
      phase: val
      scale: 1
    ]
  ]
  network_g:[
    type: CascadedGaze
    width: 60
    enc_blk_nums: [2, 2, 4, 6]
    middle_blk_num: 10
    dec_blk_nums: [2, 2, 2, 2]
    GCE_CONVS_nums: [3, 3, 2, 2]
  ]
  path:[
    pretrain_network_g: None
    strict_load_g: True
    resume_state: None
    root: /mnt/e/UM/Projet_Image_CNN/CascadedGaze
    experiments_root: /mnt/e/UM/Projet_Image_CNN/CascadedGaze/experiments/CascadedGaze-SIDD-with60
    models: /mnt/e/UM/Projet_Image_CNN/CascadedGaze/experiments/CascadedGaze-SIDD-with60/models
    training_states: /mnt/e/UM/Projet_Image_CNN/CascadedGaze/experiments/CascadedGaze-SIDD-with60/training_states
    log: /mnt/e/UM/Projet_Image_CNN/CascadedGaze/experiments/CascadedGaze-SIDD-with60
    visualization: /mnt/e/UM/Projet_Image_CNN/CascadedGaze/experiments/CascadedGaze-SIDD-with60/visualization
  ]
  train:[
    optim_g:[
      type: AdamW
      lr: 0.001
      weight_decay: 0.0
      betas: [0.9, 0.9]
    ]
    scheduler:[
      type: TrueCosineAnnealingLR
      T_max: 400000
      eta_min: 1e-07
    ]
    total_iter: 400000
    warmup_iter: -1
    pixel_opt:[
      type: PSNRLoss
      loss_weight: 1
      reduction: mean
    ]
  ]
  val:[
    val_freq: 2000.0
    save_img: False
    use_image: False
    metrics:[
      psnr:[
        type: calculate_psnr
        crop_border: 0
        test_y_channel: False
      ]
      ssim:[
        type: calculate_ssim
        crop_border: 0
        test_y_channel: False
      ]
    ]
  ]
  logger:[
    print_freq: 200
    save_checkpoint_freq: 2000
    use_tb_logger: True
    wandb:[
      project: None
      resume_id: None
    ]
  ]
  dist_params:[
    backend: nccl
    port: 29500
  ]
  is_train: True
  dist: True
  rank: 0
  world_size: 1

2024-11-09 19:58:51,488 INFO: Dataset PairedImageDataset - SIDD is created.
2024-11-09 19:58:51,488 INFO: Training statistics:
	Number of train images: 112
	Dataset enlarge ratio: 1
	Batch size per gpu: 4
	World size (gpu number): 1
	Require iter number per epoch: 28
	Total epochs: 14286; iters: 400000.
2024-11-09 19:58:51,530 INFO: Dataset PairedImageDataset - SIDD_val is created.
2024-11-09 19:58:51,531 INFO: Number of val images/folders in SIDD_val: 88
2024-11-09 19:58:55,301 INFO: Model [ImageRestorationModel] is created.
2024-11-09 19:58:55,426 INFO: Start training from epoch: 0, iter: 0
2024-11-09 20:02:57,538 INFO: [Casca..][epoch:  7, iter:     200, lr:(1.000e-03,)] [eta: 5 days, 13:50:20, time (data): 1.887 (0.000)] l_pix: -3.4747e+01 
2024-11-09 20:09:16,422 INFO: [Casca..][epoch: 14, iter:     400, lr:(1.000e-03,)] [eta: 7 days, 3:55:50, time (data): 1.889 (0.000)] l_pix: -3.4808e+01 
2024-11-09 20:15:36,047 INFO: [Casca..][epoch: 21, iter:     600, lr:(1.000e-03,)] [eta: 7 days, 16:44:12, time (data): 1.899 (0.005)] l_pix: -3.5209e+01 
